This is pdfeTeXk, Version 3.141592-1.21a-2.2 (Web2C 7.5.4) (format=pdflatex 2026.5.16)  25 JUN 2026 15:14
entering extended mode
 file:line:error style messages enabled.
**"Das RÃĪtsel.tex"
(./Das RÃĪtsel.tex
LaTeX2e <2003/12/01>
Babel <v3.8d> and hyphenation patterns for american, french, german, ngerman, b
ahasa, basque, bulgarian, catalan, croatian, czech, danish, dutch, esperanto, e
stonian, finnish, greek, icelandic, irish, italian, latin, magyar, norsk, polis
h, portuges, romanian, russian, serbian, slovak, slovene, spanish, swedish, tur
kish, ukrainian, nohyphenation, loaded.

(/nix/store/0rppja1izyq4b0nj15vdc4aiqyskwvyb-tetex-3.0/share/texmf-dist/tex/lat
ex/koma-script/scrbook.cls
Document Class: scrbook 2004/09/16 v2.9t LaTeX2e KOMA document class

(/nix/store/0rppja1izyq4b0nj15vdc4aiqyskwvyb-tetex-3.0/share/texmf-dist/tex/lat
ex/koma-script/scrlfile.sty
Package: scrlfile 2004/09/16 v2.9t LaTeX2e KOMA package

Package scrlfile, 2004/09/16 v2.9t LaTeX2e KOMA package
                  Copyright (C) Markus Kohm

)
(/nix/store/0rppja1izyq4b0nj15vdc4aiqyskwvyb-tetex-3.0/share/texmf-dist/tex/lat
ex/base/bk11.clo
File: bk11.clo 2004/02/16 v1.4f Standard LaTeX file (size option)
)
(/nix/store/0rppja1izyq4b0nj15vdc4aiqyskwvyb-tetex-3.0/share/texmf-dist/tex/lat
ex/koma-script/typearea.sty
Package: typearea 2004/09/16 v2.9t LaTeX2e KOMA package

Package typearea, 2004/09/16 v2.9t LaTeX2e KOMA package
                  Copyright (C) Frank Neukam, 1992-1994
                  Copyright (C) Markus Kohm, 1994-2002

\ta@bcor=\skip41
\ta@div=\count79
\ta@hblk=\skip42
\ta@vblk=\skip43
\ta@temp=\skip44
Package typearea Info: These are the values describing the layout:
(typearea)             DIV  = 10
(typearea)             BCOR = 0.0pt
(typearea)             \paperwidth      = 597.50793pt
(typearea)              \textwidth      = 418.25555pt
(typearea)              \columnwidth    = 0.0pt
(typearea)              \columnsep      = 0.0pt
(typearea)              DIV-departure   = -6/100
(typearea)              \evensidemargin = 47.2316pt
(typearea)              \oddsidemargin  = -12.5192pt
(typearea)             \paperheight     = 845.04694pt
(typearea)              \textheight     = 595.80026pt
(typearea)              \topmargin      = -25.16531pt
(typearea)              \headheight     = 17.0pt
(typearea)              \headsep        = 20.40001pt
(typearea)              \topskip        = 11.0pt
(typearea)              \footskip       = 47.60002pt
(typearea)              \baselineskip   = 13.6pt
(typearea)              on input line 633.
)
\c@part=\count80
\c@chapter=\count81
\c@section=\count82
\c@subsection=\count83
\c@subsubsection=\count84
\c@paragraph=\count85
\c@subparagraph=\count86
\c@figure=\count87
\c@table=\count88
\abovecaptionskip=\skip45
\belowcaptionskip=\skip46
\c@pti@nb@sid@b@x=\box26
\bibindent=\dimen102
)
(/nix/store/0rppja1izyq4b0nj15vdc4aiqyskwvyb-tetex-3.0/share/texmf-dist/tex/lat
ex/geometry/geometry.sty
Package: geometry 2002/07/08 v3.2 Page Geometry

(/nix/store/0rppja1izyq4b0nj15vdc4aiqyskwvyb-tetex-3.0/share/texmf-dist/tex/lat
ex/graphics/keyval.sty
Package: keyval 1999/03/16 v1.13 key=value parser (DPC)
\KV@toks@=\toks14
)
\Gm@cnth=\count89
\Gm@cntv=\count90
\c@Gm@tempcnt=\count91
\Gm@bindingoffset=\dimen103
\Gm@wd@mp=\dimen104
\Gm@odd@mp=\dimen105
\Gm@even@mp=\dimen106
\Gm@dimlist=\toks15

(/nix/store/0rppja1izyq4b0nj15vdc4aiqyskwvyb-tetex-3.0/share/texmf-dist/tex/lat
ex/geometry/geometry.cfg))
(/nix/store/0rppja1izyq4b0nj15vdc4aiqyskwvyb-tetex-3.0/share/texmf-dist/tex/lat
ex/base/fontenc.sty
Package: fontenc 2004/02/22 v1.99f Standard LaTeX package

(/nix/store/0rppja1izyq4b0nj15vdc4aiqyskwvyb-tetex-3.0/share/texmf-dist/tex/lat
ex/base/t1enc.def
File: t1enc.def 2004/02/22 v1.99f Standard LaTeX file
LaTeX Font Info:    Redeclaring font encoding T1 on input line 43.
))
(/nix/store/0rppja1izyq4b0nj15vdc4aiqyskwvyb-tetex-3.0/share/texmf-dist/tex/lat
ex/base/inputenc.sty
Package: inputenc 2004/02/05 v1.0d Input encoding file

(/nix/store/0rppja1izyq4b0nj15vdc4aiqyskwvyb-tetex-3.0/share/texmf-dist/tex/lat
ex/base/utf8.def
File: utf8.def 2004/02/09 v1.1b UTF-8 support for inputenc
Now handling font encoding OML ...
... no UTF-8 mapping file for font encoding OML
Now handling font encoding T1 ...
... processing UTF-8 mapping file for font encoding T1

(/nix/store/0rppja1izyq4b0nj15vdc4aiqyskwvyb-tetex-3.0/share/texmf-dist/tex/lat
ex/base/t1enc.dfu
File: t1enc.dfu 2004/02/09 v1.1b UTF-8 support for inputenc
   defining Unicode char U+00A1 (decimal 161)
   defining Unicode char U+00A3 (decimal 163)
   defining Unicode char U+00AB (decimal 171)
   defining Unicode char U+00BB (decimal 187)
   defining Unicode char U+00BF (decimal 191)
   defining Unicode char U+00C0 (decimal 192)
   defining Unicode char U+00C1 (decimal 193)
   defining Unicode char U+00C2 (decimal 194)
   defining Unicode char U+00C3 (decimal 195)
   defining Unicode char U+00C4 (decimal 196)
   defining Unicode char U+00C5 (decimal 197)
   defining Unicode char U+00C6 (decimal 198)
   defining Unicode char U+00C7 (decimal 199)
   defining Unicode char U+00C8 (decimal 200)
   defining Unicode char U+00C9 (decimal 201)
   defining Unicode char U+00CA (decimal 202)
   defining Unicode char U+00CB (decimal 203)
   defining Unicode char U+00CC (decimal 204)
   defining Unicode char U+00CD (decimal 205)
   defining Unicode char U+00CE (decimal 206)
   defining Unicode char U+00CF (decimal 207)
   defining Unicode char U+00D0 (decimal 208)
   defining Unicode char U+00D1 (decimal 209)
   defining Unicode char U+00D2 (decimal 210)
   defining Unicode char U+00D3 (decimal 211)
   defining Unicode char U+00D4 (decimal 212)
   defining Unicode char U+00D5 (decimal 213)
   defining Unicode char U+00D6 (decimal 214)
   defining Unicode char U+00D8 (decimal 216)
   defining Unicode char U+00D9 (decimal 217)
   defining Unicode char U+00DA (decimal 218)
   defining Unicode char U+00DB (decimal 219)
   defining Unicode char U+00DC (decimal 220)
   defining Unicode char U+00DD (decimal 221)
   defining Unicode char U+00DE (decimal 222)
   defining Unicode char U+00DF (decimal 223)
   defining Unicode char U+00E0 (decimal 224)
   defining Unicode char U+00E1 (decimal 225)
   defining Unicode char U+00E2 (decimal 226)
   defining Unicode char U+00E3 (decimal 227)
   defining Unicode char U+00E4 (decimal 228)
   defining Unicode char U+00E5 (decimal 229)
   defining Unicode char U+00E6 (decimal 230)
   defining Unicode char U+00E7 (decimal 231)
   defining Unicode char U+00E8 (decimal 232)
   defining Unicode char U+00E9 (decimal 233)
   defining Unicode char U+00EA (decimal 234)
   defining Unicode char U+00EB (decimal 235)
   defining Unicode char U+00EC (decimal 236)
   defining Unicode char U+00ED (decimal 237)
   defining Unicode char U+00EE (decimal 238)
   defining Unicode char U+00EF (decimal 239)
   defining Unicode char U+00F0 (decimal 240)
   defining Unicode char U+00F1 (decimal 241)
   defining Unicode char U+00F2 (decimal 242)
   defining Unicode char U+00F3 (decimal 243)
   defining Unicode char U+00F4 (decimal 244)
   defining Unicode char U+00F5 (decimal 245)
   defining Unicode char U+00F6 (decimal 246)
   defining Unicode char U+00F8 (decimal 248)
   defining Unicode char U+00F9 (decimal 249)
   defining Unicode char U+00FA (decimal 250)
   defining Unicode char U+00FB (decimal 251)
   defining Unicode char U+00FC (decimal 252)
   defining Unicode char U+00FD (decimal 253)
   defining Unicode char U+00FE (decimal 254)
   defining Unicode char U+00FF (decimal 255)
   defining Unicode char U+0102 (decimal 258)
   defining Unicode char U+0103 (decimal 259)
   defining Unicode char U+0104 (decimal 260)
   defining Unicode char U+0105 (decimal 261)
   defining Unicode char U+0106 (decimal 262)
   defining Unicode char U+0107 (decimal 263)
   defining Unicode char U+010C (decimal 268)
   defining Unicode char U+010D (decimal 269)
   defining Unicode char U+010E (decimal 270)
   defining Unicode char U+010F (decimal 271)
   defining Unicode char U+0110 (decimal 272)
   defining Unicode char U+0111 (decimal 273)
   defining Unicode char U+0118 (decimal 280)
   defining Unicode char U+0119 (decimal 281)
   defining Unicode char U+011A (decimal 282)
   defining Unicode char U+011B (decimal 283)
   defining Unicode char U+011E (decimal 286)
   defining Unicode char U+011F (decimal 287)
   defining Unicode char U+0130 (decimal 304)
   defining Unicode char U+0131 (decimal 305)
   defining Unicode char U+0139 (decimal 313)
   defining Unicode char U+013A (decimal 314)
   defining Unicode char U+013D (decimal 317)
   defining Unicode char U+013E (decimal 318)
   defining Unicode char U+0141 (decimal 321)
   defining Unicode char U+0142 (decimal 322)
   defining Unicode char U+0143 (decimal 323)
   defining Unicode char U+0144 (decimal 324)
   defining Unicode char U+0147 (decimal 327)
   defining Unicode char U+0148 (decimal 328)
   defining Unicode char U+014A (decimal 330)
   defining Unicode char U+014B (decimal 331)
   defining Unicode char U+0150 (decimal 336)
   defining Unicode char U+0151 (decimal 337)
   defining Unicode char U+0152 (decimal 338)
   defining Unicode char U+0153 (decimal 339)
   defining Unicode char U+0154 (decimal 340)
   defining Unicode char U+0155 (decimal 341)
   defining Unicode char U+0158 (decimal 344)
   defining Unicode char U+0159 (decimal 345)
   defining Unicode char U+015A (decimal 346)
   defining Unicode char U+015B (decimal 347)
   defining Unicode char U+015E (decimal 350)
   defining Unicode char U+015F (decimal 351)
   defining Unicode char U+0160 (decimal 352)
   defining Unicode char U+0161 (decimal 353)
   defining Unicode char U+0162 (decimal 354)
   defining Unicode char U+0163 (decimal 355)
   defining Unicode char U+0164 (decimal 356)
   defining Unicode char U+0165 (decimal 357)
   defining Unicode char U+016E (decimal 366)
   defining Unicode char U+016F (decimal 367)
   defining Unicode char U+0170 (decimal 368)
   defining Unicode char U+0171 (decimal 369)
   defining Unicode char U+0178 (decimal 376)
   defining Unicode char U+0179 (decimal 377)
   defining Unicode char U+017A (decimal 378)
   defining Unicode char U+017B (decimal 379)
   defining Unicode char U+017C (decimal 380)
   defining Unicode char U+017D (decimal 381)
   defining Unicode char U+017E (decimal 382)
   defining Unicode char U+200C (decimal 8204)
   defining Unicode char U+2013 (decimal 8211)
   defining Unicode char U+2014 (decimal 8212)
   defining Unicode char U+2018 (decimal 8216)
   defining Unicode char U+2019 (decimal 8217)
   defining Unicode char U+201A (decimal 8218)
   defining Unicode char U+201C (decimal 8220)
   defining Unicode char U+201D (decimal 8221)
   defining Unicode char U+201E (decimal 8222)
   defining Unicode char U+2030 (decimal 8240)
   defining Unicode char U+2031 (decimal 8241)
   defining Unicode char U+2039 (decimal 8249)
   defining Unicode char U+203A (decimal 8250)
   defining Unicode char U+2423 (decimal 9251)
)
Now handling font encoding OT1 ...
... processing UTF-8 mapping file for font encoding OT1

(/nix/store/0rppja1izyq4b0nj15vdc4aiqyskwvyb-tetex-3.0/share/texmf-dist/tex/lat
ex/base/ot1enc.dfu
File: ot1enc.dfu 2004/02/09 v1.1b UTF-8 support for inputenc
   defining Unicode char U+00A1 (decimal 161)
   defining Unicode char U+00A3 (decimal 163)
   defining Unicode char U+00B8 (decimal 184)
   defining Unicode char U+00BF (decimal 191)
   defining Unicode char U+00C5 (decimal 197)
   defining Unicode char U+00C6 (decimal 198)
   defining Unicode char U+00D8 (decimal 216)
   defining Unicode char U+00DF (decimal 223)
   defining Unicode char U+00E6 (decimal 230)
   defining Unicode char U+00EC (decimal 236)
   defining Unicode char U+00ED (decimal 237)
   defining Unicode char U+00EE (decimal 238)
   defining Unicode char U+00EF (decimal 239)
   defining Unicode char U+00F8 (decimal 248)
   defining Unicode char U+0131 (decimal 305)
   defining Unicode char U+0141 (decimal 321)
   defining Unicode char U+0142 (decimal 322)
   defining Unicode char U+0152 (decimal 338)
   defining Unicode char U+0153 (decimal 339)
   defining Unicode char U+2013 (decimal 8211)
   defining Unicode char U+2014 (decimal 8212)
   defining Unicode char U+2018 (decimal 8216)
   defining Unicode char U+2019 (decimal 8217)
   defining Unicode char U+201C (decimal 8220)
   defining Unicode char U+201D (decimal 8221)
)
Now handling font encoding OMS ...
... processing UTF-8 mapping file for font encoding OMS

(/nix/store/0rppja1izyq4b0nj15vdc4aiqyskwvyb-tetex-3.0/share/texmf-dist/tex/lat
ex/base/omsenc.dfu
File: omsenc.dfu 2004/02/09 v1.1b UTF-8 support for inputenc
   defining Unicode char U+00A7 (decimal 167)
   defining Unicode char U+00B6 (decimal 182)
   defining Unicode char U+02D9 (decimal 729)
   defining Unicode char U+2020 (decimal 8224)
   defining Unicode char U+2021 (decimal 8225)
   defining Unicode char U+2022 (decimal 8226)
)
Now handling font encoding OMX ...
... no UTF-8 mapping file for font encoding OMX
Now handling font encoding U ...
... no UTF-8 mapping file for font encoding U
   defining Unicode char U+00A9 (decimal 169)
   defining Unicode char U+00AA (decimal 170)
   defining Unicode char U+00AE (decimal 174)
   defining Unicode char U+00BA (decimal 186)
   defining Unicode char U+02C6 (decimal 710)
   defining Unicode char U+02CA (decimal 714)
   defining Unicode char U+200C (decimal 8204)
   defining Unicode char U+2026 (decimal 8230)
   defining Unicode char U+2122 (decimal 8482)
   defining Unicode char U+2423 (decimal 9251)
))
(/nix/store/0rppja1izyq4b0nj15vdc4aiqyskwvyb-tetex-3.0/share/texmf-dist/tex/gen
eric/babel/babel.sty
Package: babel 2004/11/20 v3.8d The Babel package

(/nix/store/0rppja1izyq4b0nj15vdc4aiqyskwvyb-tetex-3.0/share/texmf-dist/tex/gen
eric/babel/ngermanb.ldf
Language: ngermanb 2004/02/20 v2.6m new German support from the babel system

(/nix/store/0rppja1izyq4b0nj15vdc4aiqyskwvyb-tetex-3.0/share/texmf-dist/tex/gen
eric/babel/babel.def
File: babel.def 2004/11/20 v3.8d Babel common definitions
\babel@savecnt=\count92
\U@D=\dimen107
)
\l@naustrian = a dialect from \language\l@ngerman 
Package babel Info: Making " an active character on input line 92.
))
(/nix/store/0rppja1izyq4b0nj15vdc4aiqyskwvyb-tetex-3.0/share/texmf-dist/tex/lat
ex/psnfss/mathpazo.sty
Package: mathpazo 2004/09/15 PSNFSS-v9.2 Palatino w/ Pazo Math (D.Puga, WaS) 
\symupright=\mathgroup4
) (./Das RÃĪtsel.aux)
\openout1 = `"Das RÃĪtsel.aux"'.

LaTeX Font Info:    Checking defaults for OML/cmm/m/it on input line 22.
LaTeX Font Info:    ... okay on input line 22.
LaTeX Font Info:    Checking defaults for T1/cmr/m/n on input line 22.
LaTeX Font Info:    ... okay on input line 22.
LaTeX Font Info:    Checking defaults for OT1/cmr/m/n on input line 22.
LaTeX Font Info:    ... okay on input line 22.
LaTeX Font Info:    Checking defaults for OMS/cmsy/m/n on input line 22.
LaTeX Font Info:    ... okay on input line 22.
LaTeX Font Info:    Checking defaults for OMX/cmex/m/n on input line 22.
LaTeX Font Info:    ... okay on input line 22.
LaTeX Font Info:    Checking defaults for U/cmr/m/n on input line 22.
LaTeX Font Info:    ... okay on input line 22.
LaTeX Font Info:    Try loading font information for T1+ppl on input line 22.

(/nix/store/0rppja1izyq4b0nj15vdc4aiqyskwvyb-tetex-3.0/share/texmf-dist/tex/lat
ex/psnfss/t1ppl.fd
File: t1ppl.fd 2001/06/04 font definitions for T1/ppl.
)
-------------------- Geometry parameters
paper: a5paper
landscape: --
twocolumn: --
twoside: true
asymmetric: --
h-parts: 51.21495pt, 315.82562pt, 39.83385pt
v-parts: 45.5244pt, 489.38742pt, 62.59605pt
hmarginratio: --
vmarginratio: --
lines: --
heightrounded: --
bindingoffset: 17.07164pt
truedimen: --
includehead: true
includefoot: true
includemp: --
driver: pdftex
-------------------- Page layout dimensions and switches
\paperwidth  423.94606pt
\paperheight 597.50787pt
\textwidth  315.82562pt
\textheight 404.38739pt
\oddsidemargin  -3.9834pt
\evensidemargin -32.43614pt
\topmargin  -26.74559pt
\headheight 17.0pt
\headsep    20.40001pt
\footskip   47.60002pt
\marginparwidth 89.62619pt
\marginparsep   12.8401pt
\columnsep  10.0pt
\skip\footins  10.0pt plus 4.0pt minus 2.0pt
\hoffset 0.0pt
\voffset 0.0pt
\mag 1000
\@twosidetrue \@mparswitchtrue 
(1in=72.27pt, 1cm=28.45pt)
-----------------------
\big@size=\dimen108
LaTeX Font Info:    Font shape `T1/ppl/bx/n' in size <20.74> not available
(Font)              Font shape `T1/ppl/b/n' tried instead on input line 32.
 [1


{/nix/store/0rppja1izyq4b0nj15vdc4aiqyskwvyb-tetex-3.0/share/texmf-var/fonts/ma
p/pdftex/updmap/pdftex.map}]
LaTeX Font Info:    Try loading font information for T1+cmss on input line 39.

(/nix/store/0rppja1izyq4b0nj15vdc4aiqyskwvyb-tetex-3.0/share/texmf-dist/tex/lat
ex/base/t1cmss.fd
File: t1cmss.fd 1999/05/25 v2.5h Standard LaTeX font definitions
) (./Das RÃĪtsel.toc)
\tf@toc=\write3
\openout3 = `"Das RÃĪtsel.toc"'.

 [2

] [3

]
Kapitel 1.

Underfull \vbox (badness 10000) has occurred while \output is active []

 [4

]
Overfull \hbox (7.73221pt too wide) in paragraph at lines 54--55
\T1/ppl/m/n/10.95 ge-si-chert an-neh-men, dass er aus ei-ner eu-ro-päi-schen Fa
-mi-lie stamm-
 []


Overfull \hbox (5.57495pt too wide) in paragraph at lines 56--57
\T1/ppl/m/n/10.95 kon-kre-te An-wei-sun-gen. Mit dem ame-ri-ka-ni-schen Prä-si-
dent schloss
 []


Underfull \vbox (badness 10000) has occurred while \output is active []

 [5]
Underfull \vbox (badness 10000) has occurred while \output is active []

 [6]
Underfull \vbox (badness 10000) has occurred while \output is active []

 [7]
Underfull \vbox (badness 10000) has occurred while \output is active []

 [8]
Overfull \hbox (7.20665pt too wide) in paragraph at lines 72--73
\T1/ppl/m/n/10.95 hen, doch von Mon-roe hat-te an-de-re Plä-ne und so rief er s
ich schlieĸ-
 []


Underfull \vbox (badness 10000) has occurred while \output is active []

 [9]
Underfull \vbox (badness 10000) has occurred while \output is active []

 [10]
LaTeX Font Info:    Try loading font information for OT1+ppl on input line 82.

(/nix/store/0rppja1izyq4b0nj15vdc4aiqyskwvyb-tetex-3.0/share/texmf-dist/tex/lat
ex/psnfss/ot1ppl.fd
File: ot1ppl.fd 2001/06/04 font definitions for OT1/ppl.
)
LaTeX Font Info:    Try loading font information for OML+zplm on input line 82.


(/nix/store/0rppja1izyq4b0nj15vdc4aiqyskwvyb-tetex-3.0/share/texmf-dist/tex/lat
ex/psnfss/omlzplm.fd
File: omlzplm.fd 2002/09/08 Fontinst v1.914 font definitions for OML/zplm.
)
LaTeX Font Info:    Try loading font information for OMS+zplm on input line 82.


(/nix/store/0rppja1izyq4b0nj15vdc4aiqyskwvyb-tetex-3.0/share/texmf-dist/tex/lat
ex/psnfss/omszplm.fd
File: omszplm.fd 2002/09/08 Fontinst v1.914 font definitions for OMS/zplm.
)
LaTeX Font Info:    Try loading font information for OMX+zplm on input line 82.


(/nix/store/0rppja1izyq4b0nj15vdc4aiqyskwvyb-tetex-3.0/share/texmf-dist/tex/lat
ex/psnfss/omxzplm.fd
File: omxzplm.fd 2002/09/08 Fontinst v1.914 font definitions for OMX/zplm.
)
LaTeX Font Info:    Try loading font information for OT1+zplm on input line 82.


(/nix/store/0rppja1izyq4b0nj15vdc4aiqyskwvyb-tetex-3.0/share/texmf-dist/tex/lat
ex/psnfss/ot1zplm.fd
File: ot1zplm.fd 2002/09/08 Fontinst v1.914 font definitions for OT1/zplm.
)
Overfull \hbox (15.71465pt too wide) in paragraph at lines 84--85
\T1/ppl/m/n/10.95 er ver-sprach kei-ne kurz-fris-ti-gen Show-Effekte, wie da-ma
ls die Mond-
 []


Overfull \hbox (1.34825pt too wide) in paragraph at lines 84--85
\T1/ppl/m/n/10.95 lan-dung, son-dern stell-te das Gan-ze auf lang-fris-ti-ge Be
i-ne und bau-
 []


Underfull \vbox (badness 10000) has occurred while \output is active []

 [11]
Overfull \hbox (18.32025pt too wide) in paragraph at lines 86--87
\T1/ppl/m/n/10.95 rich-tung die -- sa-lopp aus-ge-drückt -- fol-gen-den Auf-tra
g hat-te: ^^TForscht
 []


Overfull \hbox (1.50082pt too wide) in paragraph at lines 86--87
\T1/ppl/m/n/10.95 kurz-fris-ti-gen wirt-schaft-li-chen Er-folg ver-spre-chen!^^
S Völ-lig zu-recht,
 []

[12]
Kapitel 2.

Overfull \hbox (10.63365pt too wide) in paragraph at lines 97--98
\T1/ppl/m/n/10.95 punkt zu war-ten -- und na-tür-lich die Um-ge-bung zu scan-ne
n, schlieĸ-
 []

[13

]
Overfull \hbox (2.77052pt too wide) in paragraph at lines 99--100
[]\T1/ppl/m/n/10.95 Also, rou-ti-ne-mä-ĸig und na-tür-lich nicht all-zu auf-mer
k-sam blick-
 []


Overfull \hbox (1.23799pt too wide) in paragraph at lines 99--100
\T1/ppl/m/n/10.95 schi-ne ab-tas-te-ten und er-forsch-ten. Bei al-ler weit ent-
wi-ckel-ter Tech-
 []


Overfull \hbox (14.23613pt too wide) in paragraph at lines 105--106
\T1/ppl/m/n/10.95 Raum vor-kom-men-den Gra-vi-ta-ti-onss-trö-me bo-gen, zerr-te
n und knick-
 []


Underfull \vbox (badness 10000) has occurred while \output is active []

 [14]
Underfull \vbox (badness 10000) has occurred while \output is active []

 [15]
Underfull \vbox (badness 10000) has occurred while \output is active []

 [16]
Overfull \hbox (5.69559pt too wide) in paragraph at lines 123--124
\T1/ppl/m/n/10.95 lich ver-stärk-ten Raum-krüm-mung an-ge-mes-sen wer-den kön-n
en und
 []


Overfull \hbox (0.43935pt too wide) in paragraph at lines 123--124
\T1/ppl/m/n/10.95 sich von na-tür-li-chen Phä-no-me-nen un-ter-schei-den. Seit 
et-wa 20 Jah-
 []


Underfull \vbox (badness 10000) has occurred while \output is active []

 [17]
Underfull \vbox (badness 10000) has occurred while \output is active []

 [18]
Underfull \vbox (badness 10000) has occurred while \output is active []

 [19]
Overfull \hbox (0.96437pt too wide) in paragraph at lines 153--154
\T1/ppl/m/n/10.95 ver-fügt über For-schungs-ein-rich-tun-gen und --budgets, die
 kein Pri-
 []


Overfull \hbox (1.52296pt too wide) in paragraph at lines 153--154
\T1/ppl/m/n/10.95 vat-mann be-sitzt. Hin-ter die-ser Ge-sell-schaft steht die g
e-sam-te Wirt-
 []


Underfull \vbox (badness 10000) has occurred while \output is active []

 [20]
Underfull \vbox (badness 10000) has occurred while \output is active []

 [21]
Overfull \hbox (1.76373pt too wide) in paragraph at lines 171--172
\T1/ppl/m/n/10.95 ame-ri-ka-ni-schen Kon-ti-nen-te oder der wirt-schaft-li-chen
 Aus-beu-tung
 []


Underfull \vbox (badness 10000) has occurred while \output is active []

 [22]
Overfull \hbox (8.27922pt too wide) in paragraph at lines 175--176
\T1/ppl/m/n/10.95 tel-li-gen-te Le-bens-for-men ge-sto-ĸen, die uns Wi-der-stan
d leis-ten konn-
 []


Overfull \hbox (0.73491pt too wide) in paragraph at lines 177--178
\T1/ppl/m/n/10.95 hoppla-hopp. Das Mi-li-tär sieht über-all Ag-gres-so-ren, und
 Sie, mein
 []


Overfull \hbox (1.9718pt too wide) in paragraph at lines 181--182
\T1/ppl/m/n/10.95 per-sön-lich, der die Ge-heim-hal-tungs-stu-fe vio-lett an-or
d-net und frei-
 []


Underfull \vbox (badness 10000) has occurred while \output is active []

 [23]
Overfull \hbox (2.71613pt too wide) in paragraph at lines 183--184
\T1/ppl/m/n/10.95 Ad-mi-rals. Das COM vi-brier-te deut-lich sicht-bar und gab l
ei-se, zwit-
 []


Underfull \vbox (badness 10000) has occurred while \output is active []

 [24]
Overfull \hbox (8.91354pt too wide) in paragraph at lines 193--194
[]\T1/ppl/m/n/10.95 ^^TDas Raum-schiff be-schleu-nig-te un-ter Nor-ma-lan-trieb
 mit Höchst-
 []


Overfull \hbox (6.5718pt too wide) in paragraph at lines 195--196
\T1/ppl/m/n/10.95 In-for-mie-ren Sie den Kri-sen-stab. Tref-fen in 10 Mi-nu-ten
.^^S Dann schal-
 []


Overfull \hbox (23.20403pt too wide) in paragraph at lines 201--202
[]\T1/ppl/m/n/10.95 Und wäh-rend Ad-mi-ral Ter-schen-kow dem Aus-gang zu-ging w
ünsch-
 []

[25]
Kapitel 3.
[26

]
Overfull \hbox (12.98825pt too wide) in paragraph at lines 223--224
\T1/ppl/m/n/10.95 des emp-fan-gen und in akus-ti-sche Si-gna-le um-set-zen. Im 
Astronomie--
 []


Underfull \vbox (badness 10000) has occurred while \output is active []

 [27]
Underfull \vbox (badness 10000) has occurred while \output is active []

 [28]
Overfull \hbox (6.07884pt too wide) in paragraph at lines 235--236
\T1/ppl/m/n/10.95 Dau-er, mit der die Ma-schi-ne ih-re kom-plet-ten Zustands--,
 Diagnose--
 []


Underfull \vbox (badness 10000) has occurred while \output is active []

 [29]
Underfull \vbox (badness 10000) has occurred while \output is active []

 [30]
Overfull \hbox (2.37672pt too wide) in paragraph at lines 247--248
\T1/ppl/m/n/10.95 An-ge-le-gen-heit als \T1/ppl/m/it/10.95 ers-ten Kon-takt \T1
/ppl/m/n/10.95 mit mög-li-cher-wei-se in-va-so-ri-schen
 []


Overfull \hbox (4.19514pt too wide) in paragraph at lines 249--250
\T1/ppl/m/n/10.95 der-holt \T1/ppl/m/it/10.95 nicht \T1/ppl/m/n/10.95 Mit-glie-
des die-ses Kri-sen-sta-bes, des-sen Be-set-zung und
 []


Underfull \vbox (badness 10000) has occurred while \output is active []

 [31]
Underfull \vbox (badness 10000) has occurred while \output is active []

 [32]
Underfull \vbox (badness 10000) has occurred while \output is active []

 [33]
LaTeX Font Info:    Font shape `T1/ppl/bx/it' in size <10.95> not available
(Font)              Font shape `T1/ppl/b/it' tried instead on input line 270.

Underfull \vbox (badness 10000) has occurred while \output is active []

 [34]
Underfull \vbox (badness 10000) has occurred while \output is active []

 [35]
Overfull \hbox (3.08899pt too wide) in paragraph at lines 300--301
\T1/ppl/m/n/10.95 kopf von Müller--Diepkau möch-te dem Ar-beits-mi-nis-te-ri-um
 zu ger-
 []


Overfull \hbox (5.25737pt too wide) in paragraph at lines 304--305
\T1/ppl/m/n/10.95 je-mand, der ei-ne Auf-ga-be nicht ma-chen möch-te, macht sie
 schlecht.
 []


Underfull \vbox (badness 10000) has occurred while \output is active []

 [36]
Overfull \hbox (0.5918pt too wide) in paragraph at lines 308--309
[]\T1/ppl/m/n/10.95 ^^TNatürlich, na-tür-lich. Habt Ihr ei-ne Idee?^^S Der Kai-
ser griff nach
 []


Underfull \vbox (badness 10000) has occurred while \output is active []

 [37]
Overfull \hbox (2.88121pt too wide) in paragraph at lines 326--327
\T1/ppl/m/n/10.95 gie-rig ge-wor-den. Hier pas-sier-te et-was von obers-tem Ran
g. Er woll-
 []

[38]
Overfull \hbox (3.96628pt too wide) in paragraph at lines 331--332
\T1/ppl/m/n/10.95 Es war noch früh am Mor-gen, als sie in Wa-shing-ton auf dem 
Raum-
 []


Underfull \vbox (badness 10000) has occurred while \output is active []

 [39

]
[40] (./Das RÃĪtsel.aux) ) 
Here is how much of TeX's memory you used:
 2065 strings out of 94500
 28078 string characters out of 1167964
 86391 words of memory out of 1000000
 5220 multiletter control sequences out of 10000+50000
 24771 words of font info for 49 fonts, out of 500000 for 2000
 580 hyphenation exceptions out of 1000
 26i,8n,24p,1175b,173s stack positions out of 1500i,500n,5000p,200000b,5000s
PDF statistics:
 146 PDF objects out of 300000
 0 named destinations out of 131072
 1 words of extra memory for PDF output out of 65536
{/nix/store/0rppja1izyq4b0nj15vdc4aiqyskwvyb-tetex-3.
0/share/texmf-dist/fonts/enc/dvips/psnfss/8r.enc}</nix/store/0rppja1izyq4b0nj15
vdc4aiqyskwvyb-tetex-3.0/share/texmf-dist/fonts/type1/urw/palatino/uplbi8a.pfb>
 </var/tmp/texfonts/pk/ljfour/jknappen/ec/ecsi1200.600pk> </var/tmp/texfonts/pk
/ljfour/jknappen/ec/ecss1095.600pk></nix/store/0rppja1izyq4b0nj15vdc4aiqyskwvyb
-tetex-3.0/share/texmf-dist/fonts/type1/urw/palatino/uplri8a.pfb></nix/store/0r
ppja1izyq4b0nj15vdc4aiqyskwvyb-tetex-3.0/share/texmf-dist/fonts/type1/urw/palat
ino/uplr8a.pfb> </var/tmp/texfonts/pk/ljfour/jknappen/ec/ecsx1095.600pk> </var/
tmp/texfonts/pk/ljfour/jknappen/ec/ecsx2074.600pk></nix/store/0rppja1izyq4b0nj1
5vdc4aiqyskwvyb-tetex-3.0/share/texmf-dist/fonts/type1/urw/palatino/uplr8a.pfb>
</nix/store/0rppja1izyq4b0nj15vdc4aiqyskwvyb-tetex-3.0/share/texmf-dist/fonts/t
ype1/urw/palatino/uplb8a.pfb>
Output written on Das RÃĪtsel.pdf (40 pages, 184176 bytes).
